2025-09-02T09:30:01.001Z [INFO] Booting service web1
2025-09-02T09:30:02.113Z [INFO] Config loaded: env=dev region=ap-south-1
2025-09-02T09:30:03.245Z [INFO] HTTP server listening on :3000
2025-09-02T09:30:05.517Z [INFO] Connected to postgres primary
2025-09-02T09:30:07.022Z [WARN] Slow query detected: /api/search (842ms)
2025-09-02T09:30:08.639Z [INFO] Cache warmup complete
2025-09-02T09:30:10.004Z [INFO] Healthcheck ok
2025-09-02T09:30:11.901Z [INFO] WorkerA started (concurrency=4)
2025-09-02T09:30:13.333Z [WARN] Retrying upstream call (attempt=1)
2025-09-02T09:30:15.777Z [ERROR] Upstream 502 for /api/payments
2025-09-02T09:30:18.012Z [INFO] Circuit opened: payments
2025-09-02T09:30:21.321Z [INFO] Circuit half-open trial passed
2025-09-02T09:30:23.555Z [INFO] Circuit closed: payments
2025-09-02T09:30:26.789Z [INFO] Background job completed: rebuild-index
2025-09-02T09:30:29.999Z [INFO] Ready for traffic
2025-09-02T05:17:03.727Z [INFO] tick\n2025-09-02T05:17:04.733Z [INFO] tick\n2025-09-02T05:17:05.736Z [INFO] tick\n2025-09-02T05:17:06.743Z [INFO] tick\n2025-09-02T05:17:07.752Z [INFO] tick\n2025-09-02T05:17:08.764Z [INFO] tick\n2025-09-02T05:17:09.777Z [INFO] tick\n2025-09-02T05:17:10.791Z [INFO] tick\n2025-09-02T05:17:11.801Z [INFO] tick\n2025-09-02T05:17:12.808Z [INFO] tick\n2025-09-02T05:17:13.816Z [INFO] tick\n2025-09-02T05:17:14.829Z [INFO] tick\n2025-09-02T05:17:15.841Z [INFO] tick\n2025-09-02T05:17:16.843Z [INFO] tick\n2025-09-02T05:17:17.851Z [INFO] tick\n2025-09-02T05:17:18.860Z [INFO] tick\n2025-09-02T05:17:19.868Z [INFO] tick\n2025-09-02T05:17:20.872Z [INFO] tick\n2025-09-02T05:17:21.886Z [INFO] tick\n2025-09-02T05:17:22.896Z [INFO] tick\n2025-09-02T05:17:23.903Z [INFO] tick\n2025-09-02T05:17:24.916Z [INFO] tick\n2025-09-02T05:17:25.928Z [INFO] tick\n2025-09-02T05:17:26.937Z [INFO] tick\n2025-09-02T05:17:27.946Z [INFO] tick\n2025-09-02T05:17:28.955Z [INFO] tick\n2025-09-02T05:17:29.965Z [INFO] tick\n2025-09-02T05:17:30.974Z [INFO] tick\n2025-09-02T05:17:31.982Z [INFO] tick\n2025-09-02T05:17:32.990Z [INFO] tick\n2025-09-02T05:17:34.002Z [INFO] tick\n2025-09-02T05:17:35.014Z [INFO] tick\n2025-09-02T05:17:36.026Z [INFO] tick\n2025-09-02T05:17:37.040Z [INFO] tick\n2025-09-02T05:17:38.050Z [INFO] tick\n2025-09-02T05:17:39.062Z [INFO] tick\n2025-09-02T05:17:40.072Z [INFO] tick\n2025-09-02T05:17:41.082Z [INFO] tick\n2025-09-02T05:17:42.093Z [INFO] tick\n2025-09-02T05:17:43.102Z [INFO] tick\n2025-09-02T05:17:44.108Z [INFO] tick\n2025-09-02T05:17:45.119Z [INFO] tick\n2025-09-02T05:17:46.127Z [INFO] tick\n2025-09-02T05:17:47.139Z [INFO] tick\n2025-09-02T05:17:48.154Z [INFO] tick\n2025-09-02T05:17:49.162Z [INFO] tick\n2025-09-02T05:17:50.170Z [INFO] tick\n2025-09-02T05:17:51.185Z [INFO] tick\n2025-09-02T05:17:52.194Z [INFO] tick\n2025-09-02T05:17:53.201Z [INFO] tick\n2025-09-02T05:17:54.204Z [INFO] tick\n2025-09-02T05:17:55.212Z [INFO] tick\n2025-09-02T05:17:56.222Z [INFO] tick\n2025-09-02T05:17:57.235Z [INFO] tick\n2025-09-02T05:17:58.240Z [INFO] tick\n2025-09-02T05:17:59.252Z [INFO] tick\n2025-09-02T05:18:00.252Z [INFO] tick\n2025-09-02T05:18:01.260Z [INFO] tick\n2025-09-02T05:18:02.269Z [INFO] tick\n2025-09-02T05:18:03.280Z [INFO] tick\n2025-09-02T05:18:04.291Z [INFO] tick\n2025-09-02T05:18:05.305Z [INFO] tick\n2025-09-02T05:18:06.316Z [INFO] tick\n2025-09-02T05:18:07.327Z [INFO] tick\n2025-09-02T05:18:08.338Z [INFO] tick\n2025-09-02T05:18:09.352Z [INFO] tick\n2025-09-02T05:18:10.359Z [INFO] tick\n2025-09-02T05:18:11.363Z [INFO] tick\n2025-09-02T05:18:12.378Z [INFO] tick\n2025-09-02T05:18:13.388Z [INFO] tick\n2025-09-02T05:18:14.398Z [INFO] tick\n2025-09-02T05:18:15.409Z [INFO] tick\n2025-09-02T05:18:16.421Z [INFO] tick\n2025-09-02T05:18:17.434Z [INFO] tick\n2025-09-02T05:18:18.446Z [INFO] tick\n2025-09-02T05:18:19.452Z [INFO] tick\n2025-09-02T05:18:20.459Z [INFO] tick\n2025-09-02T05:18:21.471Z [INFO] tick\n2025-09-02T05:18:22.482Z [INFO] tick\n2025-09-02T05:18:23.487Z [INFO] tick\n2025-09-02T05:18:24.495Z [INFO] tick\n2025-09-02T05:18:25.511Z [INFO] tick\n2025-09-02T05:18:26.515Z [INFO] tick\n2025-09-02T05:18:27.529Z [INFO] tick\n2025-09-02T05:18:28.543Z [INFO] tick\n2025-09-02T05:18:29.555Z [INFO] tick\n2025-09-02T05:18:30.566Z [INFO] tick\n2025-09-02T05:18:31.581Z [INFO] tick\n2025-09-02T05:18:32.591Z [INFO] tick\n2025-09-02T05:18:33.604Z [INFO] tick\n2025-09-02T05:18:34.615Z [INFO] tick\n2025-09-02T05:18:35.624Z [INFO] tick\n2025-09-02T05:18:36.637Z [INFO] tick\n2025-09-02T05:18:37.638Z [INFO] tick\n2025-09-02T05:18:38.649Z [INFO] tick\n2025-09-02T05:18:39.661Z [INFO] tick\n2025-09-02T05:18:40.666Z [INFO] tick\n2025-09-02T05:18:41.674Z [INFO] tick\n2025-09-02T05:18:42.681Z [INFO] tick\n2025-09-02T05:18:43.696Z [INFO] tick\n2025-09-02T05:18:44.707Z [INFO] tick\n2025-09-02T05:18:45.719Z [INFO] tick\n2025-09-02T05:18:46.728Z [INFO] tick\n2025-09-02T05:18:47.739Z [INFO] tick\n2025-09-02T05:18:48.752Z [INFO] tick\n2025-09-02T05:18:49.760Z [INFO] tick\n2025-09-02T05:18:50.769Z [INFO] tick\n2025-09-02T05:18:51.777Z [INFO] tick\n2025-09-02T05:18:52.786Z [INFO] tick\n2025-09-02T05:18:53.800Z [INFO] tick\n2025-09-02T05:18:54.812Z [INFO] tick\n2025-09-02T05:18:55.821Z [INFO] tick\n2025-09-02T05:18:56.833Z [INFO] tick\n2025-09-02T05:18:57.842Z [INFO] tick\n2025-09-02T05:18:58.856Z [INFO] tick\n2025-09-02T05:18:59.870Z [INFO] tick\n2025-09-02T05:19:00.882Z [INFO] tick\n2025-09-02T05:19:01.891Z [INFO] tick\n2025-09-02T05:19:02.901Z [INFO] tick\n2025-09-02T05:19:03.906Z [INFO] tick\n2025-09-02T05:19:04.919Z [INFO] tick\n2025-09-02T05:19:05.927Z [INFO] tick\n2025-09-02T05:19:06.940Z [INFO] tick\n2025-09-02T05:19:07.950Z [INFO] tick\n2025-09-02T05:19:08.963Z [INFO] tick\n2025-09-02T05:19:09.972Z [INFO] tick\n2025-09-02T05:19:10.982Z [INFO] tick\n2025-09-02T05:19:11.987Z [INFO] tick\n2025-09-02T05:19:12.998Z [INFO] tick\n2025-09-02T05:19:14.010Z [INFO] tick\n2025-09-02T05:19:15.021Z [INFO] tick\n2025-09-02T05:19:16.028Z [INFO] tick\n2025-09-02T05:19:17.039Z [INFO] tick\n2025-09-02T05:19:18.047Z [INFO] tick\n2025-09-02T05:19:19.056Z [INFO] tick\n2025-09-02T05:19:20.065Z [INFO] tick\n2025-09-02T05:19:21.075Z [INFO] tick\n2025-09-02T05:19:22.081Z [INFO] tick\n2025-09-02T05:19:23.086Z [INFO] tick\n2025-09-02T05:19:24.089Z [INFO] tick\n2025-09-02T05:19:25.098Z [INFO] tick\n2025-09-02T05:19:26.107Z [INFO] tick\n2025-09-02T05:19:27.114Z [INFO] tick\n2025-09-02T05:19:28.123Z [INFO] tick\n2025-09-02T05:19:29.132Z [INFO] tick\n2025-09-02T05:19:30.143Z [INFO] tick\n2025-09-02T05:19:31.151Z [INFO] tick\n2025-09-02T05:19:32.163Z [INFO] tick\n2025-09-02T05:19:33.175Z [INFO] tick\n2025-09-02T05:19:34.180Z [INFO] tick\n2025-09-02T05:19:35.189Z [INFO] tick\n2025-09-02T05:19:36.203Z [INFO] tick\n2025-09-02T05:19:37.213Z [INFO] tick\n2025-09-02T05:19:38.224Z [INFO] tick\n2025-09-02T05:19:39.225Z [INFO] tick\n2025-09-02T05:19:40.238Z [INFO] tick\n2025-09-02T05:19:41.248Z [INFO] tick\n2025-09-02T05:19:42.257Z [INFO] tick\n2025-09-02T05:19:43.264Z [INFO] tick\n2025-09-02T05:19:44.275Z [INFO] tick\n2025-09-02T05:19:45.282Z [INFO] tick\n2025-09-02T05:19:46.293Z [INFO] tick\n2025-09-02T05:19:47.304Z [INFO] tick\n2025-09-02T05:19:48.312Z [INFO] tick\n2025-09-02T05:19:49.322Z [INFO] tick\n2025-09-02T05:19:50.333Z [INFO] tick\n2025-09-02T05:19:51.341Z [INFO] tick\n2025-09-02T05:19:52.350Z [INFO] tick\n2025-09-02T05:19:53.359Z [INFO] tick\n2025-09-02T05:19:54.363Z [INFO] tick\n2025-09-02T05:19:55.375Z [INFO] tick\n2025-09-02T05:19:56.383Z [INFO] tick\n2025-09-02T05:19:57.393Z [INFO] tick\n2025-09-02T05:19:58.402Z [INFO] tick\n2025-09-02T05:19:59.413Z [INFO] tick\n2025-09-02T05:20:00.423Z [INFO] tick\n2025-09-02T05:20:01.425Z [INFO] tick\n2025-09-02T05:20:02.438Z [INFO] tick\n2025-09-02T05:20:03.449Z [INFO] tick\n2025-09-02T05:20:04.456Z [INFO] tick\n2025-09-02T05:20:05.458Z [INFO] tick\n2025-09-02T05:20:06.467Z [INFO] tick\n2025-09-02T05:20:07.478Z [INFO] tick\n2025-09-02T05:20:08.483Z [INFO] tick\n2025-09-02T05:20:09.489Z [INFO] tick\n2025-09-02T05:20:10.500Z [INFO] tick\n2025-09-02T05:20:11.501Z [INFO] tick\n2025-09-02T05:20:12.513Z [INFO] tick\n2025-09-02T05:20:13.520Z [INFO] tick\n2025-09-02T05:20:14.531Z [INFO] tick\n2025-09-02T05:20:15.538Z [INFO] tick\n2025-09-02T05:20:16.543Z [INFO] tick\n2025-09-02T05:20:17.547Z [INFO] tick\n2025-09-02T05:20:18.557Z [INFO] tick\n2025-09-02T05:20:19.567Z [INFO] tick\n2025-09-02T05:20:20.576Z [INFO] tick\n2025-09-02T05:20:21.582Z [INFO] tick\n2025-09-02T05:20:22.583Z [INFO] tick\n2025-09-02T05:20:23.590Z [INFO] tick\n2025-09-02T05:20:24.599Z [INFO] tick\n2025-09-02T05:20:25.614Z [INFO] tick\n2025-09-02T05:20:26.623Z [INFO] tick\n2025-09-02T05:20:27.632Z [INFO] tick\n2025-09-02T05:20:28.642Z [INFO] tick\n2025-09-02T05:20:29.653Z [INFO] tick\n2025-09-02T05:20:30.661Z [INFO] tick\n2025-09-02T05:20:31.671Z [INFO] tick\n2025-09-02T05:20:32.677Z [INFO] tick\n2025-09-02T05:20:33.689Z [INFO] tick\n2025-09-02T05:20:34.700Z [INFO] tick\n2025-09-02T05:20:35.713Z [INFO] tick\n2025-09-02T05:20:36.731Z [INFO] tick\n2025-09-02T05:20:37.734Z [INFO] tick\n2025-09-02T05:20:38.745Z [INFO] tick\n2025-09-02T05:20:39.747Z [INFO] tick\n2025-09-02T05:20:40.756Z [INFO] tick\n2025-09-02T05:20:41.770Z [INFO] tick\n2025-09-02T05:20:42.782Z [INFO] tick\n2025-09-02T05:20:43.792Z [INFO] tick\n2025-09-02T05:20:44.802Z [INFO] tick\n2025-09-02T05:20:45.808Z [INFO] tick\n2025-09-02T05:20:46.819Z [INFO] tick\n2025-09-02T05:20:47.829Z [INFO] tick\n2025-09-02T05:20:48.844Z [INFO] tick\n2025-09-02T05:20:49.856Z [INFO] tick\n2025-09-02T05:20:50.868Z [INFO] tick\n2025-09-02T05:20:51.881Z [INFO] tick\n2025-09-02T05:20:52.893Z [INFO] tick\n2025-09-02T05:20:53.899Z [INFO] tick\n2025-09-02T05:20:54.906Z [INFO] tick\n2025-09-02T05:20:55.915Z [INFO] tick\n2025-09-02T05:20:56.927Z [INFO] tick\n2025-09-02T05:20:57.937Z [INFO] tick\n2025-09-02T05:20:58.948Z [INFO] tick\n2025-09-02T05:20:59.956Z [INFO] tick\n2025-09-02T05:21:00.965Z [INFO] tick\n2025-09-02T05:21:01.978Z [INFO] tick\n2025-09-02T05:21:02.986Z [INFO] tick\n2025-09-02T05:21:03.995Z [INFO] tick\n2025-09-02T05:21:05.005Z [INFO] tick\n2025-09-02T05:21:06.010Z [INFO] tick\n2025-09-02T05:21:07.019Z [INFO] tick\n2025-09-02T05:21:08.033Z [INFO] tick\n2025-09-02T05:21:09.045Z [INFO] tick\n2025-09-02T05:21:10.052Z [INFO] tick\n2025-09-02T05:21:11.068Z [INFO] tick\n2025-09-02T05:21:12.074Z [INFO] tick\n2025-09-02T05:21:13.090Z [INFO] tick\n2025-09-02T05:21:14.098Z [INFO] tick\n2025-09-02T05:21:15.109Z [INFO] tick\n2025-09-02T05:21:16.119Z [INFO] tick\n2025-09-02T05:21:17.122Z [INFO] tick\n2025-09-02T05:21:18.136Z [INFO] tick\n2025-09-02T05:21:19.141Z [INFO] tick\n2025-09-02T05:24:26.116Z [INFO] tick\n2025-09-02T05:24:27.124Z [INFO] tick\n2025-09-02T05:24:28.130Z [INFO] tick\n2025-09-02T05:24:29.142Z [INFO] tick\n2025-09-02T05:24:30.153Z [INFO] tick\n2025-09-02T05:24:31.161Z [INFO] tick\n2025-09-02T05:24:32.169Z [INFO] tick\n2025-09-02T05:24:33.174Z [INFO] tick\n2025-09-02T05:24:34.186Z [INFO] tick\n2025-09-02T05:24:35.193Z [INFO] tick\n2025-09-02T05:24:36.198Z [INFO] tick\n2025-09-02T05:24:37.213Z [INFO] tick\n2025-09-02T05:24:38.222Z [INFO] tick\n2025-09-02T05:24:39.237Z [INFO] tick\n2025-09-02T05:24:40.246Z [INFO] tick\n2025-09-02T05:24:41.248Z [INFO] tick\n2025-09-02T05:24:42.263Z [INFO] tick\n2025-09-02T05:24:43.276Z [INFO] tick\n2025-09-02T05:24:44.286Z [INFO] tick\n2025-09-02T05:24:45.294Z [INFO] tick\n2025-09-02T05:24:46.308Z [INFO] tick\n2025-09-02T05:24:47.323Z [INFO] tick\n2025-09-02T05:24:48.330Z [INFO] tick\n2025-09-02T05:24:49.344Z [INFO] tick\n2025-09-02T05:24:50.355Z [INFO] tick\n2025-09-02T05:24:51.364Z [INFO] tick\n2025-09-02T05:24:52.372Z [INFO] tick\n2025-09-02T05:24:53.382Z [INFO] tick\n2025-09-02T05:24:54.396Z [INFO] tick\n2025-09-02T05:24:55.410Z [INFO] tick\n2025-09-02T05:24:56.421Z [INFO] tick\n2025-09-02T05:24:57.427Z [INFO] tick\n2025-09-02T05:24:58.435Z [INFO] tick\n2025-09-02T05:24:59.442Z [INFO] tick\n2025-09-02T05:25:00.454Z [INFO] tick\n2025-09-02T05:25:01.466Z [INFO] tick\n2025-09-02T05:25:02.468Z [INFO] tick\n2025-09-02T05:25:03.479Z [INFO] tick\n2025-09-02T05:25:04.494Z [INFO] tick\n2025-09-02T05:25:05.497Z [INFO] tick\n2025-09-02T05:25:06.504Z [INFO] tick\n2025-09-02T05:25:07.514Z [INFO] tick\n2025-09-02T05:25:08.527Z [INFO] tick\n2025-09-02T05:25:09.542Z [INFO] tick\n2025-09-02T05:25:10.548Z [INFO] tick\n2025-09-02T05:25:11.556Z [INFO] tick\n2025-09-02T05:25:12.566Z [INFO] tick\n2025-09-02T05:25:13.571Z [INFO] tick\n2025-09-02T05:25:14.582Z [INFO] tick\n2025-09-02T05:25:15.588Z [INFO] tick\n2025-09-02T05:25:16.599Z [INFO] tick\n2025-09-02T05:29:26.740Z [INFO] tick\n2025-09-02T05:29:27.751Z [INFO] tick\n2025-09-02T05:29:28.763Z [INFO] tick\n2025-09-02T05:29:29.774Z [INFO] tick\n2025-09-02T05:29:30.781Z [INFO] tick\n2025-09-02T05:29:31.792Z [INFO] tick\n2025-09-02T05:29:32.802Z [INFO] tick\n2025-09-02T05:29:33.810Z [INFO] tick\n2025-09-02T05:29:34.820Z [INFO] tick\n2025-09-02T05:29:35.831Z [INFO] tick\n2025-09-02T05:29:36.842Z [INFO] tick\n2025-09-02T05:29:37.851Z [INFO] tick\n2025-09-02T05:29:38.860Z [INFO] tick\n2025-09-02T05:29:39.868Z [INFO] tick\n2025-09-02T05:29:40.879Z [INFO] tick\n2025-09-02T05:29:41.889Z [INFO] tick\n2025-09-02T05:29:42.897Z [INFO] tick\n2025-09-02T05:29:43.897Z [INFO] tick\n2025-09-02T05:29:44.904Z [INFO] tick\n2025-09-02T05:29:45.919Z [INFO] tick\n2025-09-02T05:29:46.929Z [INFO] tick\n2025-09-02T05:29:47.928Z [INFO] tick\n2025-09-02T05:29:48.937Z [INFO] tick\n2025-09-02T05:29:49.948Z [INFO] tick\n2025-09-02T05:29:50.956Z [INFO] tick\n2025-09-02T05:29:51.963Z [INFO] tick\n2025-09-02T05:29:52.976Z [INFO] tick\n2025-09-02T05:29:53.983Z [INFO] tick\n2025-09-02T05:29:54.993Z [INFO] tick\n2025-09-02T05:29:55.998Z [INFO] tick\n2025-09-02T05:29:57.005Z [INFO] tick\n2025-09-02T05:29:58.018Z [INFO] tick\n2025-09-02T05:29:59.030Z [INFO] tick\n2025-09-02T05:30:00.042Z [INFO] tick\n2025-09-02T05:30:01.045Z [INFO] tick\n2025-09-02T05:30:02.060Z [INFO] tick\n2025-09-02T05:30:03.072Z [INFO] tick\n2025-09-02T05:30:04.084Z [INFO] tick\n2025-09-02T05:30:05.090Z [INFO] tick\n2025-09-02T05:30:06.103Z [INFO] tick\n2025-09-02T05:30:07.114Z [INFO] tick\n2025-09-02T05:30:08.120Z [INFO] tick\n2025-09-02T05:30:09.129Z [INFO] tick\n2025-09-02T05:30:10.135Z [INFO] tick\n2025-09-02T05:30:11.145Z [INFO] tick\n2025-09-02T05:30:12.145Z [INFO] tick\n2025-09-02T05:30:13.156Z [INFO] tick\n2025-09-02T05:30:14.159Z [INFO] tick\n2025-09-02T05:30:15.160Z [INFO] tick\n2025-09-02T05:30:16.168Z [INFO] tick\n2025-09-02T05:30:17.180Z [INFO] tick\n2025-09-02T05:30:18.185Z [INFO] tick\n2025-09-02T05:30:19.199Z [INFO] tick\n2025-09-02T05:30:20.210Z [INFO] tick\n2025-09-02T05:30:21.225Z [INFO] tick\n2025-09-02T05:30:22.237Z [INFO] tick\n2025-09-02T05:30:23.240Z [INFO] tick\n2025-09-02T05:30:24.241Z [INFO] tick\n2025-09-02T05:30:25.255Z [INFO] tick\n2025-09-02T05:30:26.269Z [INFO] tick\n2025-09-02T05:30:27.285Z [INFO] tick\n2025-09-02T05:30:28.295Z [INFO] tick\n2025-09-02T05:30:29.303Z [INFO] tick\n2025-09-02T05:30:30.313Z [INFO] tick\n2025-09-02T05:30:31.323Z [INFO] tick\n2025-09-02T05:30:32.337Z [INFO] tick\n2025-09-02T05:30:33.345Z [INFO] tick\n2025-09-02T05:30:34.358Z [INFO] tick\n2025-09-02T05:30:35.367Z [INFO] tick\n2025-09-02T05:30:36.377Z [INFO] tick\n2025-09-02T05:30:37.384Z [INFO] tick\n2025-09-02T05:35:08.614Z [INFO] tick
2025-09-02T05:35:09.629Z [INFO] tick
2025-09-02T05:35:10.636Z [INFO] tick
2025-09-02T05:35:11.650Z [INFO] tick
2025-09-02T05:35:12.659Z [INFO] tick
2025-09-02T05:35:13.672Z [INFO] tick
2025-09-02T05:35:14.683Z [INFO] tick
2025-09-02T05:35:15.696Z [INFO] tick
2025-09-02T05:35:16.699Z [INFO] tick
2025-09-02T05:35:17.700Z [INFO] tick
2025-09-02T05:35:18.709Z [INFO] tick
2025-09-02T05:35:19.718Z [INFO] tick
2025-09-02T05:35:20.728Z [INFO] tick
2025-09-02T05:35:21.737Z [INFO] tick
2025-09-02T05:35:22.745Z [INFO] tick
2025-09-02T05:35:23.753Z [INFO] tick
2025-09-02T05:35:24.768Z [INFO] tick
2025-09-02T05:35:25.775Z [INFO] tick
2025-09-02T05:35:26.785Z [INFO] tick
2025-09-02T05:35:27.799Z [INFO] tick
2025-09-02T05:35:28.809Z [INFO] tick
2025-09-02T05:35:29.818Z [INFO] tick
2025-09-02T05:35:30.833Z [INFO] tick
2025-09-02T05:35:31.845Z [INFO] tick
2025-09-02T05:35:32.853Z [INFO] tick
2025-09-02T05:35:33.862Z [INFO] tick
2025-09-02T05:35:34.875Z [INFO] tick
2025-09-02T05:35:35.889Z [INFO] tick
2025-09-02T05:35:36.903Z [INFO] tick
2025-09-02T05:35:37.918Z [INFO] tick
2025-09-02T05:35:38.920Z [INFO] tick
2025-09-02T05:35:39.930Z [INFO] tick
2025-09-02T05:35:40.940Z [INFO] tick
2025-09-02T05:35:41.954Z [INFO] tick
2025-09-02T05:35:42.969Z [INFO] tick
2025-09-02T05:35:43.979Z [INFO] tick
2025-09-02T05:35:44.988Z [INFO] tick
2025-09-02T05:35:46.002Z [INFO] tick
2025-09-02T05:35:47.018Z [INFO] tick
2025-09-02T05:35:48.032Z [INFO] tick
2025-09-02T05:35:49.042Z [INFO] tick
2025-09-02T05:35:50.051Z [INFO] tick
2025-09-02T05:35:51.057Z [INFO] tick
2025-09-02T05:35:52.069Z [INFO] tick
2025-09-02T05:35:53.082Z [INFO] tick
2025-09-02T05:35:54.087Z [INFO] tick
2025-09-02T05:35:55.088Z [INFO] tick
2025-09-02T05:35:56.097Z [INFO] tick
2025-09-02T05:35:57.105Z [INFO] tick
2025-09-02T05:35:58.118Z [INFO] tick
2025-09-02T05:35:59.125Z [INFO] tick
